c:\users\jacques\github\dames\visualstudio\dames\debug\vc142.pdb
c:\users\jacques\github\dames\visualstudio\dames\debug\vc142.idb
c:\users\jacques\github\dames\visualstudio\dames\debug\regles.obj
c:\users\jacques\github\dames\visualstudio\dames\debug\pion.obj
c:\users\jacques\github\dames\visualstudio\dames\debug\joueur.obj
c:\users\jacques\github\dames\visualstudio\dames\debug\jeux.obj
c:\users\jacques\github\dames\visualstudio\dames\debug\damier.obj
c:\users\jacques\github\dames\visualstudio\dames\debug\dames.obj
c:\users\jacques\github\dames\visualstudio\dames\debug\coordonnees.obj
c:\users\jacques\github\dames\visualstudio\dames\debug\cellule.obj
c:\users\jacques\github\dames\visualstudio\dames\debug\casedamier.obj
c:\users\jacques\github\dames\visualstudio\dames\debug\args.obj
c:\users\jacques\github\dames\visualstudio\dames\debug\ardoise.obj
c:\users\jacques\github\dames\visualstudio\dames\debug\dames.exe
c:\users\jacques\github\dames\visualstudio\dames\debug\dames.ilk
c:\users\jacques\github\dames\visualstudio\dames\debug\dames.pdb
c:\users\jacques\github\dames\visualstudio\dames\debug\dames.tlog\cl.command.1.tlog
c:\users\jacques\github\dames\visualstudio\dames\debug\dames.tlog\cl.read.1.tlog
c:\users\jacques\github\dames\visualstudio\dames\debug\dames.tlog\cl.write.1.tlog
c:\users\jacques\github\dames\visualstudio\dames\debug\dames.tlog\link.command.1.tlog
c:\users\jacques\github\dames\visualstudio\dames\debug\dames.tlog\link.read.1.tlog
c:\users\jacques\github\dames\visualstudio\dames\debug\dames.tlog\link.write.1.tlog
